<?xml version="1.0" encoding="UTF-8"?>
<!-- Generated by org.testng.reporters.JUnitReportReporter -->
<testsuite hostname="LAPTOP-EPTA8NOM" failures="0" tests="3" name="QualityKioskTraining.CalculatorDemo.AdditionTestCase" time="0.008" errors="0" timestamp="2021-05-15T10:26:16 IST" skipped="0">
  <testcase classname="QualityKioskTraining.CalculatorDemo.AdditionTestCase" name="TestAdditionWithPositiveNumber" time="0.007"/>
  <system-out/>
  <testcase classname="QualityKioskTraining.CalculatorDemo.AdditionTestCase" name="AdditionWithOnePositiveOneNegative" time="0.001"/>
  <system-out/>
  <testcase classname="QualityKioskTraining.CalculatorDemo.AdditionTestCase" name="TestAdditionWithZeroNumber" time="0.000"/>
  <system-out/>
</testsuite> <!-- QualityKioskTraining.CalculatorDemo.AdditionTestCase -->
